2017-07-04 09:40:33.280  INFO 6424 --- [main] com.water.weichart.WebAppStart           : Starting WebAppStart on gz39-014903 with PID 6424 (E:\company\mw-weichart\target\classes started by zhangmiaojie in E:\company\mw-weichart)
2017-07-04 09:40:33.284  INFO 6424 --- [main] com.water.weichart.WebAppStart           : No active profile set, falling back to default profiles: default
2017-07-04 09:40:33.447  INFO 6424 --- [main] ationConfigEmbeddedWebApplicationContext : Refreshing org.springframework.boot.context.embedded.AnnotationConfigEmbeddedWebApplicationContext@1be85a8: startup date [Tue Jul 04 09:40:33 CST 2017]; root of context hierarchy
2017-07-04 09:40:35.525  INFO 6424 --- [main] o.s.b.f.s.DefaultListableBeanFactory     : Overriding bean definition for bean 'beanNameViewResolver' with a different definition: replacing [Root bean: class [null]; scope=; abstract=false; lazyInit=false; autowireMode=3; dependencyCheck=0; autowireCandidate=true; primary=false; factoryBeanName=org.springframework.boot.autoconfigure.web.ErrorMvcAutoConfiguration$WhitelabelErrorViewConfiguration; factoryMethodName=beanNameViewResolver; initMethodName=null; destroyMethodName=(inferred); defined in class path resource [org/springframework/boot/autoconfigure/web/ErrorMvcAutoConfiguration$WhitelabelErrorViewConfiguration.class]] with [Root bean: class [null]; scope=; abstract=false; lazyInit=false; autowireMode=3; dependencyCheck=0; autowireCandidate=true; primary=false; factoryBeanName=org.springframework.boot.autoconfigure.web.WebMvcAutoConfiguration$WebMvcAutoConfigurationAdapter; factoryMethodName=beanNameViewResolver; initMethodName=null; destroyMethodName=(inferred); defined in class path resource [org/springframework/boot/autoconfigure/web/WebMvcAutoConfiguration$WebMvcAutoConfigurationAdapter.class]]
2017-07-04 09:40:36.187  INFO 6424 --- [main] trationDelegate$BeanPostProcessorChecker : Bean 'org.springframework.transaction.annotation.ProxyTransactionManagementConfiguration' of type [class org.springframework.transaction.annotation.ProxyTransactionManagementConfiguration$$EnhancerBySpringCGLIB$$54bab4e8] is not eligible for getting processed by all BeanPostProcessors (for example: not eligible for auto-proxying)
2017-07-04 09:40:37.867  INFO 6424 --- [main] s.b.c.e.t.TomcatEmbeddedServletContainer : Tomcat initialized with port(s): 8082 (http)
2017-07-04 09:40:37.900  INFO 6424 --- [main] o.apache.catalina.core.StandardService   : Starting service Tomcat
2017-07-04 09:40:37.902  INFO 6424 --- [main] org.apache.catalina.core.StandardEngine  : Starting Servlet Engine: Apache Tomcat/8.0.32
2017-07-04 09:40:38.834  INFO 6424 --- [localhost-startStop-1] org.apache.jasper.servlet.TldScanner     : At least one JAR was scanned for TLDs yet contained no TLDs. Enable debug logging for this logger for a complete list of JARs that were scanned but no TLDs were found in them. Skipping unneeded JARs during scanning can improve startup time and JSP compilation time.
2017-07-04 09:40:38.895  INFO 6424 --- [localhost-startStop-1] o.a.c.c.C.[Tomcat].[localhost].[/piyao]  : Initializing Spring embedded WebApplicationContext
2017-07-04 09:40:38.895  INFO 6424 --- [localhost-startStop-1] o.s.web.context.ContextLoader            : Root WebApplicationContext: initialization completed in 5452 ms
2017-07-04 09:40:39.360  INFO 6424 --- [localhost-startStop-1] o.s.b.c.e.ServletRegistrationBean        : Mapping servlet: 'dispatcherServlet' to [/]
2017-07-04 09:40:39.368  INFO 6424 --- [localhost-startStop-1] o.s.b.c.embedded.FilterRegistrationBean  : Mapping filter: 'characterEncodingFilter' to: [/*]
2017-07-04 09:40:39.368  INFO 6424 --- [localhost-startStop-1] o.s.b.c.embedded.FilterRegistrationBean  : Mapping filter: 'hiddenHttpMethodFilter' to: [/*]
2017-07-04 09:40:39.368  INFO 6424 --- [localhost-startStop-1] o.s.b.c.embedded.FilterRegistrationBean  : Mapping filter: 'httpPutFormContentFilter' to: [/*]
2017-07-04 09:40:39.368  INFO 6424 --- [localhost-startStop-1] o.s.b.c.embedded.FilterRegistrationBean  : Mapping filter: 'requestContextFilter' to: [/*]
2017-07-04 09:40:39.985  INFO 6424 --- [main] s.w.s.m.m.a.RequestMappingHandlerAdapter : Looking for @ControllerAdvice: org.springframework.boot.context.embedded.AnnotationConfigEmbeddedWebApplicationContext@1be85a8: startup date [Tue Jul 04 09:40:33 CST 2017]; root of context hierarchy
2017-07-04 09:40:40.113  INFO 6424 --- [main] s.w.s.m.m.a.RequestMappingHandlerMapping : Mapped "{[/error]}" onto public org.springframework.http.ResponseEntity<java.util.Map<java.lang.String, java.lang.Object>> org.springframework.boot.autoconfigure.web.BasicErrorController.error(javax.servlet.http.HttpServletRequest)
2017-07-04 09:40:40.114  INFO 6424 --- [main] s.w.s.m.m.a.RequestMappingHandlerMapping : Mapped "{[/error],produces=[text/html]}" onto public org.springframework.web.servlet.ModelAndView org.springframework.boot.autoconfigure.web.BasicErrorController.errorHtml(javax.servlet.http.HttpServletRequest,javax.servlet.http.HttpServletResponse)
2017-07-04 09:40:40.165  INFO 6424 --- [main] o.s.w.s.handler.SimpleUrlHandlerMapping  : Mapped URL path [/webjars/**] onto handler of type [class org.springframework.web.servlet.resource.ResourceHttpRequestHandler]
2017-07-04 09:40:40.165  INFO 6424 --- [main] o.s.w.s.handler.SimpleUrlHandlerMapping  : Mapped URL path [/**] onto handler of type [class org.springframework.web.servlet.resource.ResourceHttpRequestHandler]
2017-07-04 09:40:40.290  INFO 6424 --- [main] o.s.w.s.handler.SimpleUrlHandlerMapping  : Mapped URL path [/**/favicon.ico] onto handler of type [class org.springframework.web.servlet.resource.ResourceHttpRequestHandler]
2017-07-04 09:40:40.686  INFO 6424 --- [main] o.s.j.e.a.AnnotationMBeanExporter        : Registering beans for JMX exposure on startup
2017-07-04 09:40:40.830  INFO 6424 --- [main] s.b.c.e.t.TomcatEmbeddedServletContainer : Tomcat started on port(s): 8082 (http)
2017-07-04 09:40:40.839  INFO 6424 --- [main] com.water.weichart.WebAppStart           : Started WebAppStart in 8.518 seconds (JVM running for 11.718)
2017-07-04 10:32:22.529  INFO 7760 --- [main] com.water.weichart.WebAppStart           : Starting WebAppStart on gz39-014903 with PID 7760 (E:\company\mw-weichart\target\classes started by zhangmiaojie in E:\company\mw-weichart)
2017-07-04 10:32:22.532  INFO 7760 --- [main] com.water.weichart.WebAppStart           : No active profile set, falling back to default profiles: default
2017-07-04 10:32:22.625  INFO 7760 --- [main] ationConfigEmbeddedWebApplicationContext : Refreshing org.springframework.boot.context.embedded.AnnotationConfigEmbeddedWebApplicationContext@191f517: startup date [Tue Jul 04 10:32:22 CST 2017]; root of context hierarchy
2017-07-04 10:32:23.625  INFO 7760 --- [main] o.s.b.f.s.DefaultListableBeanFactory     : Overriding bean definition for bean 'beanNameViewResolver' with a different definition: replacing [Root bean: class [null]; scope=; abstract=false; lazyInit=false; autowireMode=3; dependencyCheck=0; autowireCandidate=true; primary=false; factoryBeanName=org.springframework.boot.autoconfigure.web.ErrorMvcAutoConfiguration$WhitelabelErrorViewConfiguration; factoryMethodName=beanNameViewResolver; initMethodName=null; destroyMethodName=(inferred); defined in class path resource [org/springframework/boot/autoconfigure/web/ErrorMvcAutoConfiguration$WhitelabelErrorViewConfiguration.class]] with [Root bean: class [null]; scope=; abstract=false; lazyInit=false; autowireMode=3; dependencyCheck=0; autowireCandidate=true; primary=false; factoryBeanName=org.springframework.boot.autoconfigure.web.WebMvcAutoConfiguration$WebMvcAutoConfigurationAdapter; factoryMethodName=beanNameViewResolver; initMethodName=null; destroyMethodName=(inferred); defined in class path resource [org/springframework/boot/autoconfigure/web/WebMvcAutoConfiguration$WebMvcAutoConfigurationAdapter.class]]
2017-07-04 10:32:24.026  INFO 7760 --- [main] trationDelegate$BeanPostProcessorChecker : Bean 'org.springframework.transaction.annotation.ProxyTransactionManagementConfiguration' of type [class org.springframework.transaction.annotation.ProxyTransactionManagementConfiguration$$EnhancerBySpringCGLIB$$fa1bdc7e] is not eligible for getting processed by all BeanPostProcessors (for example: not eligible for auto-proxying)
2017-07-04 10:32:24.735  INFO 7760 --- [main] s.b.c.e.t.TomcatEmbeddedServletContainer : Tomcat initialized with port(s): 8082 (http)
2017-07-04 10:32:24.758  INFO 7760 --- [main] o.apache.catalina.core.StandardService   : Starting service Tomcat
2017-07-04 10:32:24.759  INFO 7760 --- [main] org.apache.catalina.core.StandardEngine  : Starting Servlet Engine: Apache Tomcat/8.0.32
2017-07-04 10:32:25.547  INFO 7760 --- [localhost-startStop-1] org.apache.jasper.servlet.TldScanner     : At least one JAR was scanned for TLDs yet contained no TLDs. Enable debug logging for this logger for a complete list of JARs that were scanned but no TLDs were found in them. Skipping unneeded JARs during scanning can improve startup time and JSP compilation time.
2017-07-04 10:32:25.559  INFO 7760 --- [localhost-startStop-1] o.a.c.c.C.[Tomcat].[localhost].[/piyao]  : Initializing Spring embedded WebApplicationContext
2017-07-04 10:32:25.560  INFO 7760 --- [localhost-startStop-1] o.s.web.context.ContextLoader            : Root WebApplicationContext: initialization completed in 2959 ms
2017-07-04 10:32:25.978  INFO 7760 --- [localhost-startStop-1] o.s.b.c.e.ServletRegistrationBean        : Mapping servlet: 'dispatcherServlet' to [/]
2017-07-04 10:32:25.984  INFO 7760 --- [localhost-startStop-1] o.s.b.c.embedded.FilterRegistrationBean  : Mapping filter: 'characterEncodingFilter' to: [/*]
2017-07-04 10:32:25.985  INFO 7760 --- [localhost-startStop-1] o.s.b.c.embedded.FilterRegistrationBean  : Mapping filter: 'hiddenHttpMethodFilter' to: [/*]
2017-07-04 10:32:25.985  INFO 7760 --- [localhost-startStop-1] o.s.b.c.embedded.FilterRegistrationBean  : Mapping filter: 'httpPutFormContentFilter' to: [/*]
2017-07-04 10:32:25.985  INFO 7760 --- [localhost-startStop-1] o.s.b.c.embedded.FilterRegistrationBean  : Mapping filter: 'requestContextFilter' to: [/*]
2017-07-04 10:32:26.378  INFO 7760 --- [main] s.w.s.m.m.a.RequestMappingHandlerAdapter : Looking for @ControllerAdvice: org.springframework.boot.context.embedded.AnnotationConfigEmbeddedWebApplicationContext@191f517: startup date [Tue Jul 04 10:32:22 CST 2017]; root of context hierarchy
2017-07-04 10:32:26.533  INFO 7760 --- [main] s.w.s.m.m.a.RequestMappingHandlerMapping : Mapped "{[/error]}" onto public org.springframework.http.ResponseEntity<java.util.Map<java.lang.String, java.lang.Object>> org.springframework.boot.autoconfigure.web.BasicErrorController.error(javax.servlet.http.HttpServletRequest)
2017-07-04 10:32:26.534  INFO 7760 --- [main] s.w.s.m.m.a.RequestMappingHandlerMapping : Mapped "{[/error],produces=[text/html]}" onto public org.springframework.web.servlet.ModelAndView org.springframework.boot.autoconfigure.web.BasicErrorController.errorHtml(javax.servlet.http.HttpServletRequest,javax.servlet.http.HttpServletResponse)
2017-07-04 10:32:26.571  INFO 7760 --- [main] o.s.w.s.handler.SimpleUrlHandlerMapping  : Mapped URL path [/webjars/**] onto handler of type [class org.springframework.web.servlet.resource.ResourceHttpRequestHandler]
2017-07-04 10:32:26.571  INFO 7760 --- [main] o.s.w.s.handler.SimpleUrlHandlerMapping  : Mapped URL path [/**] onto handler of type [class org.springframework.web.servlet.resource.ResourceHttpRequestHandler]
2017-07-04 10:32:26.635  INFO 7760 --- [main] o.s.w.s.handler.SimpleUrlHandlerMapping  : Mapped URL path [/**/favicon.ico] onto handler of type [class org.springframework.web.servlet.resource.ResourceHttpRequestHandler]
2017-07-04 10:32:26.843  INFO 7760 --- [main] o.s.j.e.a.AnnotationMBeanExporter        : Registering beans for JMX exposure on startup
2017-07-04 10:32:26.956  INFO 7760 --- [main] s.b.c.e.t.TomcatEmbeddedServletContainer : Tomcat started on port(s): 8082 (http)
2017-07-04 10:32:26.961  INFO 7760 --- [main] com.water.weichart.WebAppStart           : Started WebAppStart in 5.078 seconds (JVM running for 5.91)
2017-07-04 10:33:13.496  INFO 18096 --- [main] com.water.weichart.WebAppStart           : Starting WebAppStart on gz39-014903 with PID 18096 (E:\company\mw-weichart\target\classes started by zhangmiaojie in E:\company\mw-weichart)
2017-07-04 10:33:13.499  INFO 18096 --- [main] com.water.weichart.WebAppStart           : No active profile set, falling back to default profiles: default
2017-07-04 10:33:13.656  INFO 18096 --- [main] ationConfigEmbeddedWebApplicationContext : Refreshing org.springframework.boot.context.embedded.AnnotationConfigEmbeddedWebApplicationContext@11274d2: startup date [Tue Jul 04 10:33:13 CST 2017]; root of context hierarchy
2017-07-04 10:33:14.698  INFO 18096 --- [main] o.s.b.f.s.DefaultListableBeanFactory     : Overriding bean definition for bean 'beanNameViewResolver' with a different definition: replacing [Root bean: class [null]; scope=; abstract=false; lazyInit=false; autowireMode=3; dependencyCheck=0; autowireCandidate=true; primary=false; factoryBeanName=org.springframework.boot.autoconfigure.web.ErrorMvcAutoConfiguration$WhitelabelErrorViewConfiguration; factoryMethodName=beanNameViewResolver; initMethodName=null; destroyMethodName=(inferred); defined in class path resource [org/springframework/boot/autoconfigure/web/ErrorMvcAutoConfiguration$WhitelabelErrorViewConfiguration.class]] with [Root bean: class [null]; scope=; abstract=false; lazyInit=false; autowireMode=3; dependencyCheck=0; autowireCandidate=true; primary=false; factoryBeanName=org.springframework.boot.autoconfigure.web.WebMvcAutoConfiguration$WebMvcAutoConfigurationAdapter; factoryMethodName=beanNameViewResolver; initMethodName=null; destroyMethodName=(inferred); defined in class path resource [org/springframework/boot/autoconfigure/web/WebMvcAutoConfiguration$WebMvcAutoConfigurationAdapter.class]]
2017-07-04 10:33:15.031  INFO 18096 --- [main] trationDelegate$BeanPostProcessorChecker : Bean 'org.springframework.transaction.annotation.ProxyTransactionManagementConfiguration' of type [class org.springframework.transaction.annotation.ProxyTransactionManagementConfiguration$$EnhancerBySpringCGLIB$$5449beda] is not eligible for getting processed by all BeanPostProcessors (for example: not eligible for auto-proxying)
2017-07-04 10:33:15.658  INFO 18096 --- [main] s.b.c.e.t.TomcatEmbeddedServletContainer : Tomcat initialized with port(s): 8082 (http)
2017-07-04 10:33:15.673  INFO 18096 --- [main] o.apache.catalina.core.StandardService   : Starting service Tomcat
2017-07-04 10:33:15.675  INFO 18096 --- [main] org.apache.catalina.core.StandardEngine  : Starting Servlet Engine: Apache Tomcat/8.0.32
2017-07-04 10:33:16.320  INFO 18096 --- [localhost-startStop-1] org.apache.jasper.servlet.TldScanner     : At least one JAR was scanned for TLDs yet contained no TLDs. Enable debug logging for this logger for a complete list of JARs that were scanned but no TLDs were found in them. Skipping unneeded JARs during scanning can improve startup time and JSP compilation time.
2017-07-04 10:33:16.326  INFO 18096 --- [localhost-startStop-1] o.a.c.c.C.[Tomcat].[localhost].[/piyao]  : Initializing Spring embedded WebApplicationContext
2017-07-04 10:33:16.326  INFO 18096 --- [localhost-startStop-1] o.s.web.context.ContextLoader            : Root WebApplicationContext: initialization completed in 2675 ms
2017-07-04 10:33:16.658  INFO 18096 --- [localhost-startStop-1] o.s.b.c.e.ServletRegistrationBean        : Mapping servlet: 'dispatcherServlet' to [/]
2017-07-04 10:33:16.663  INFO 18096 --- [localhost-startStop-1] o.s.b.c.embedded.FilterRegistrationBean  : Mapping filter: 'characterEncodingFilter' to: [/*]
2017-07-04 10:33:16.666  INFO 18096 --- [localhost-startStop-1] o.s.b.c.embedded.FilterRegistrationBean  : Mapping filter: 'hiddenHttpMethodFilter' to: [/*]
2017-07-04 10:33:16.666  INFO 18096 --- [localhost-startStop-1] o.s.b.c.embedded.FilterRegistrationBean  : Mapping filter: 'httpPutFormContentFilter' to: [/*]
2017-07-04 10:33:16.667  INFO 18096 --- [localhost-startStop-1] o.s.b.c.embedded.FilterRegistrationBean  : Mapping filter: 'requestContextFilter' to: [/*]
2017-07-04 10:33:16.953  INFO 18096 --- [main] s.w.s.m.m.a.RequestMappingHandlerAdapter : Looking for @ControllerAdvice: org.springframework.boot.context.embedded.AnnotationConfigEmbeddedWebApplicationContext@11274d2: startup date [Tue Jul 04 10:33:13 CST 2017]; root of context hierarchy
2017-07-04 10:33:17.034  INFO 18096 --- [main] s.w.s.m.m.a.RequestMappingHandlerMapping : Mapped "{[/wx],methods=[GET]}" onto public void com.water.weichart.db.controller.WXController.weChatAccessLicense(javax.servlet.http.HttpServletRequest,javax.servlet.http.HttpServletResponse) throws java.io.IOException
2017-07-04 10:33:17.039  INFO 18096 --- [main] s.w.s.m.m.a.RequestMappingHandlerMapping : Mapped "{[/error]}" onto public org.springframework.http.ResponseEntity<java.util.Map<java.lang.String, java.lang.Object>> org.springframework.boot.autoconfigure.web.BasicErrorController.error(javax.servlet.http.HttpServletRequest)
2017-07-04 10:33:17.040  INFO 18096 --- [main] s.w.s.m.m.a.RequestMappingHandlerMapping : Mapped "{[/error],produces=[text/html]}" onto public org.springframework.web.servlet.ModelAndView org.springframework.boot.autoconfigure.web.BasicErrorController.errorHtml(javax.servlet.http.HttpServletRequest,javax.servlet.http.HttpServletResponse)
2017-07-04 10:33:17.071  INFO 18096 --- [main] o.s.w.s.handler.SimpleUrlHandlerMapping  : Mapped URL path [/webjars/**] onto handler of type [class org.springframework.web.servlet.resource.ResourceHttpRequestHandler]
2017-07-04 10:33:17.071  INFO 18096 --- [main] o.s.w.s.handler.SimpleUrlHandlerMapping  : Mapped URL path [/**] onto handler of type [class org.springframework.web.servlet.resource.ResourceHttpRequestHandler]
2017-07-04 10:33:17.112  INFO 18096 --- [main] o.s.w.s.handler.SimpleUrlHandlerMapping  : Mapped URL path [/**/favicon.ico] onto handler of type [class org.springframework.web.servlet.resource.ResourceHttpRequestHandler]
2017-07-04 10:33:17.308  INFO 18096 --- [main] o.s.j.e.a.AnnotationMBeanExporter        : Registering beans for JMX exposure on startup
2017-07-04 10:33:17.394  INFO 18096 --- [main] s.b.c.e.t.TomcatEmbeddedServletContainer : Tomcat started on port(s): 8082 (http)
2017-07-04 10:33:17.398  INFO 18096 --- [main] com.water.weichart.WebAppStart           : Started WebAppStart in 4.381 seconds (JVM running for 5.39)
2017-07-04 10:34:20.234  INFO 18096 --- [http-nio-8082-exec-7] o.a.c.c.C.[Tomcat].[localhost].[/piyao]  : Initializing Spring FrameworkServlet 'dispatcherServlet'
2017-07-04 10:34:20.234  INFO 18096 --- [http-nio-8082-exec-7] o.s.web.servlet.DispatcherServlet        : FrameworkServlet 'dispatcherServlet': initialization started
2017-07-04 10:34:20.306  INFO 18096 --- [http-nio-8082-exec-7] o.s.web.servlet.DispatcherServlet        : FrameworkServlet 'dispatcherServlet': initialization completed in 72 ms
2017-07-04 10:34:20.387  INFO 18096 --- [http-nio-8082-exec-7] c.w.weichart.db.controller.WXController  : 接入微信公众号失败！
2017-07-04 10:35:10.919  INFO 12000 --- [main] com.water.weichart.WebAppStart           : Starting WebAppStart on gz39-014903 with PID 12000 (E:\company\mw-weichart\target\classes started by zhangmiaojie in E:\company\mw-weichart)
2017-07-04 10:35:10.923  INFO 12000 --- [main] com.water.weichart.WebAppStart           : No active profile set, falling back to default profiles: default
2017-07-04 10:35:11.046  INFO 12000 --- [main] ationConfigEmbeddedWebApplicationContext : Refreshing org.springframework.boot.context.embedded.AnnotationConfigEmbeddedWebApplicationContext@191f517: startup date [Tue Jul 04 10:35:11 CST 2017]; root of context hierarchy
2017-07-04 10:35:12.154  INFO 12000 --- [main] o.s.b.f.s.DefaultListableBeanFactory     : Overriding bean definition for bean 'beanNameViewResolver' with a different definition: replacing [Root bean: class [null]; scope=; abstract=false; lazyInit=false; autowireMode=3; dependencyCheck=0; autowireCandidate=true; primary=false; factoryBeanName=org.springframework.boot.autoconfigure.web.ErrorMvcAutoConfiguration$WhitelabelErrorViewConfiguration; factoryMethodName=beanNameViewResolver; initMethodName=null; destroyMethodName=(inferred); defined in class path resource [org/springframework/boot/autoconfigure/web/ErrorMvcAutoConfiguration$WhitelabelErrorViewConfiguration.class]] with [Root bean: class [null]; scope=; abstract=false; lazyInit=false; autowireMode=3; dependencyCheck=0; autowireCandidate=true; primary=false; factoryBeanName=org.springframework.boot.autoconfigure.web.WebMvcAutoConfiguration$WebMvcAutoConfigurationAdapter; factoryMethodName=beanNameViewResolver; initMethodName=null; destroyMethodName=(inferred); defined in class path resource [org/springframework/boot/autoconfigure/web/WebMvcAutoConfiguration$WebMvcAutoConfigurationAdapter.class]]
2017-07-04 10:35:12.597  INFO 12000 --- [main] trationDelegate$BeanPostProcessorChecker : Bean 'org.springframework.transaction.annotation.ProxyTransactionManagementConfiguration' of type [class org.springframework.transaction.annotation.ProxyTransactionManagementConfiguration$$EnhancerBySpringCGLIB$$cd749728] is not eligible for getting processed by all BeanPostProcessors (for example: not eligible for auto-proxying)
2017-07-04 10:35:13.126  INFO 12000 --- [main] s.b.c.e.t.TomcatEmbeddedServletContainer : Tomcat initialized with port(s): 8082 (http)
2017-07-04 10:35:13.141  INFO 12000 --- [main] o.apache.catalina.core.StandardService   : Starting service Tomcat
2017-07-04 10:35:13.142  INFO 12000 --- [main] org.apache.catalina.core.StandardEngine  : Starting Servlet Engine: Apache Tomcat/8.0.32
2017-07-04 10:35:13.764  INFO 12000 --- [localhost-startStop-1] org.apache.jasper.servlet.TldScanner     : At least one JAR was scanned for TLDs yet contained no TLDs. Enable debug logging for this logger for a complete list of JARs that were scanned but no TLDs were found in them. Skipping unneeded JARs during scanning can improve startup time and JSP compilation time.
2017-07-04 10:35:13.769  INFO 12000 --- [localhost-startStop-1] o.a.c.c.C.[.[localhost].[/wechat]        : Initializing Spring embedded WebApplicationContext
2017-07-04 10:35:13.769  INFO 12000 --- [localhost-startStop-1] o.s.web.context.ContextLoader            : Root WebApplicationContext: initialization completed in 2764 ms
2017-07-04 10:35:14.084  INFO 12000 --- [localhost-startStop-1] o.s.b.c.e.ServletRegistrationBean        : Mapping servlet: 'dispatcherServlet' to [/]
2017-07-04 10:35:14.089  INFO 12000 --- [localhost-startStop-1] o.s.b.c.embedded.FilterRegistrationBean  : Mapping filter: 'characterEncodingFilter' to: [/*]
2017-07-04 10:35:14.089  INFO 12000 --- [localhost-startStop-1] o.s.b.c.embedded.FilterRegistrationBean  : Mapping filter: 'hiddenHttpMethodFilter' to: [/*]
2017-07-04 10:35:14.089  INFO 12000 --- [localhost-startStop-1] o.s.b.c.embedded.FilterRegistrationBean  : Mapping filter: 'httpPutFormContentFilter' to: [/*]
2017-07-04 10:35:14.090  INFO 12000 --- [localhost-startStop-1] o.s.b.c.embedded.FilterRegistrationBean  : Mapping filter: 'requestContextFilter' to: [/*]
2017-07-04 10:35:14.380  INFO 12000 --- [main] s.w.s.m.m.a.RequestMappingHandlerAdapter : Looking for @ControllerAdvice: org.springframework.boot.context.embedded.AnnotationConfigEmbeddedWebApplicationContext@191f517: startup date [Tue Jul 04 10:35:11 CST 2017]; root of context hierarchy
2017-07-04 10:35:14.463  INFO 12000 --- [main] s.w.s.m.m.a.RequestMappingHandlerMapping : Mapped "{[/signature],methods=[GET]}" onto public void com.water.weichart.db.controller.WXController.checkSignature(javax.servlet.http.HttpServletRequest,javax.servlet.http.HttpServletResponse) throws java.io.IOException
2017-07-04 10:35:14.472  INFO 12000 --- [main] s.w.s.m.m.a.RequestMappingHandlerMapping : Mapped "{[/error]}" onto public org.springframework.http.ResponseEntity<java.util.Map<java.lang.String, java.lang.Object>> org.springframework.boot.autoconfigure.web.BasicErrorController.error(javax.servlet.http.HttpServletRequest)
2017-07-04 10:35:14.473  INFO 12000 --- [main] s.w.s.m.m.a.RequestMappingHandlerMapping : Mapped "{[/error],produces=[text/html]}" onto public org.springframework.web.servlet.ModelAndView org.springframework.boot.autoconfigure.web.BasicErrorController.errorHtml(javax.servlet.http.HttpServletRequest,javax.servlet.http.HttpServletResponse)
2017-07-04 10:35:14.543  INFO 12000 --- [main] o.s.w.s.handler.SimpleUrlHandlerMapping  : Mapped URL path [/webjars/**] onto handler of type [class org.springframework.web.servlet.resource.ResourceHttpRequestHandler]
2017-07-04 10:35:14.543  INFO 12000 --- [main] o.s.w.s.handler.SimpleUrlHandlerMapping  : Mapped URL path [/**] onto handler of type [class org.springframework.web.servlet.resource.ResourceHttpRequestHandler]
2017-07-04 10:35:14.620  INFO 12000 --- [main] o.s.w.s.handler.SimpleUrlHandlerMapping  : Mapped URL path [/**/favicon.ico] onto handler of type [class org.springframework.web.servlet.resource.ResourceHttpRequestHandler]
2017-07-04 10:35:14.795  INFO 12000 --- [main] o.s.j.e.a.AnnotationMBeanExporter        : Registering beans for JMX exposure on startup
2017-07-04 10:35:14.892  INFO 12000 --- [main] s.b.c.e.t.TomcatEmbeddedServletContainer : Tomcat started on port(s): 8082 (http)
2017-07-04 10:35:14.897  INFO 12000 --- [main] com.water.weichart.WebAppStart           : Started WebAppStart in 4.507 seconds (JVM running for 5.071)
2017-07-04 10:35:28.472  INFO 12000 --- [http-nio-8082-exec-2] o.a.c.c.C.[.[localhost].[/wechat]        : Initializing Spring FrameworkServlet 'dispatcherServlet'
2017-07-04 10:35:28.473  INFO 12000 --- [http-nio-8082-exec-2] o.s.web.servlet.DispatcherServlet        : FrameworkServlet 'dispatcherServlet': initialization started
2017-07-04 10:35:28.490  INFO 12000 --- [http-nio-8082-exec-2] o.s.web.servlet.DispatcherServlet        : FrameworkServlet 'dispatcherServlet': initialization completed in 17 ms
2017-07-04 10:35:28.592  INFO 12000 --- [http-nio-8082-exec-2] c.w.weichart.db.controller.WXController  : 接入微信公众号失败！
2017-07-04 10:43:35.818  INFO 2064 --- [main] com.water.weichart.WebAppStart           : Starting WebAppStart on gz39-014903 with PID 2064 (E:\company\mw-weichart\target\classes started by zhangmiaojie in E:\company\mw-weichart)
2017-07-04 10:43:35.824  INFO 2064 --- [main] com.water.weichart.WebAppStart           : No active profile set, falling back to default profiles: default
2017-07-04 10:43:35.898  INFO 2064 --- [main] ationConfigEmbeddedWebApplicationContext : Refreshing org.springframework.boot.context.embedded.AnnotationConfigEmbeddedWebApplicationContext@191f517: startup date [Tue Jul 04 10:43:35 CST 2017]; root of context hierarchy
2017-07-04 10:43:36.932  INFO 2064 --- [main] o.s.b.f.s.DefaultListableBeanFactory     : Overriding bean definition for bean 'beanNameViewResolver' with a different definition: replacing [Root bean: class [null]; scope=; abstract=false; lazyInit=false; autowireMode=3; dependencyCheck=0; autowireCandidate=true; primary=false; factoryBeanName=org.springframework.boot.autoconfigure.web.ErrorMvcAutoConfiguration$WhitelabelErrorViewConfiguration; factoryMethodName=beanNameViewResolver; initMethodName=null; destroyMethodName=(inferred); defined in class path resource [org/springframework/boot/autoconfigure/web/ErrorMvcAutoConfiguration$WhitelabelErrorViewConfiguration.class]] with [Root bean: class [null]; scope=; abstract=false; lazyInit=false; autowireMode=3; dependencyCheck=0; autowireCandidate=true; primary=false; factoryBeanName=org.springframework.boot.autoconfigure.web.WebMvcAutoConfiguration$WebMvcAutoConfigurationAdapter; factoryMethodName=beanNameViewResolver; initMethodName=null; destroyMethodName=(inferred); defined in class path resource [org/springframework/boot/autoconfigure/web/WebMvcAutoConfiguration$WebMvcAutoConfigurationAdapter.class]]
2017-07-04 10:43:37.282  INFO 2064 --- [main] trationDelegate$BeanPostProcessorChecker : Bean 'org.springframework.transaction.annotation.ProxyTransactionManagementConfiguration' of type [class org.springframework.transaction.annotation.ProxyTransactionManagementConfiguration$$EnhancerBySpringCGLIB$$e0504d87] is not eligible for getting processed by all BeanPostProcessors (for example: not eligible for auto-proxying)
2017-07-04 10:43:37.845  INFO 2064 --- [main] s.b.c.e.t.TomcatEmbeddedServletContainer : Tomcat initialized with port(s): 8090 (http)
2017-07-04 10:43:37.861  INFO 2064 --- [main] o.apache.catalina.core.StandardService   : Starting service Tomcat
2017-07-04 10:43:37.862  INFO 2064 --- [main] org.apache.catalina.core.StandardEngine  : Starting Servlet Engine: Apache Tomcat/8.0.32
2017-07-04 10:43:38.546  INFO 2064 --- [localhost-startStop-1] org.apache.jasper.servlet.TldScanner     : At least one JAR was scanned for TLDs yet contained no TLDs. Enable debug logging for this logger for a complete list of JARs that were scanned but no TLDs were found in them. Skipping unneeded JARs during scanning can improve startup time and JSP compilation time.
2017-07-04 10:43:38.551  INFO 2064 --- [localhost-startStop-1] o.a.c.c.C.[Tomcat].[localhost].[/]       : Initializing Spring embedded WebApplicationContext
2017-07-04 10:43:38.551  INFO 2064 --- [localhost-startStop-1] o.s.web.context.ContextLoader            : Root WebApplicationContext: initialization completed in 2655 ms
2017-07-04 10:43:38.907  INFO 2064 --- [localhost-startStop-1] o.s.b.c.e.ServletRegistrationBean        : Mapping servlet: 'dispatcherServlet' to [/]
2017-07-04 10:43:38.912  INFO 2064 --- [localhost-startStop-1] o.s.b.c.embedded.FilterRegistrationBean  : Mapping filter: 'characterEncodingFilter' to: [/*]
2017-07-04 10:43:38.912  INFO 2064 --- [localhost-startStop-1] o.s.b.c.embedded.FilterRegistrationBean  : Mapping filter: 'hiddenHttpMethodFilter' to: [/*]
2017-07-04 10:43:38.913  INFO 2064 --- [localhost-startStop-1] o.s.b.c.embedded.FilterRegistrationBean  : Mapping filter: 'httpPutFormContentFilter' to: [/*]
2017-07-04 10:43:38.913  INFO 2064 --- [localhost-startStop-1] o.s.b.c.embedded.FilterRegistrationBean  : Mapping filter: 'requestContextFilter' to: [/*]
2017-07-04 10:43:39.190  INFO 2064 --- [main] s.w.s.m.m.a.RequestMappingHandlerAdapter : Looking for @ControllerAdvice: org.springframework.boot.context.embedded.AnnotationConfigEmbeddedWebApplicationContext@191f517: startup date [Tue Jul 04 10:43:35 CST 2017]; root of context hierarchy
2017-07-04 10:43:39.281  INFO 2064 --- [main] s.w.s.m.m.a.RequestMappingHandlerMapping : Mapped "{[/wechat],methods=[GET]}" onto public void com.water.weichart.db.controller.WXController.checkSignature(javax.servlet.http.HttpServletRequest,javax.servlet.http.HttpServletResponse) throws java.io.IOException
2017-07-04 10:43:39.282  INFO 2064 --- [main] s.w.s.m.m.a.RequestMappingHandlerMapping : Mapped "{[/wechat],methods=[POST]}" onto public void com.water.weichart.db.controller.WXController.handleMsg(javax.servlet.http.HttpServletRequest,javax.servlet.http.HttpServletResponse)
2017-07-04 10:43:39.284  INFO 2064 --- [main] s.w.s.m.m.a.RequestMappingHandlerMapping : Mapped "{[/error]}" onto public org.springframework.http.ResponseEntity<java.util.Map<java.lang.String, java.lang.Object>> org.springframework.boot.autoconfigure.web.BasicErrorController.error(javax.servlet.http.HttpServletRequest)
2017-07-04 10:43:39.285  INFO 2064 --- [main] s.w.s.m.m.a.RequestMappingHandlerMapping : Mapped "{[/error],produces=[text/html]}" onto public org.springframework.web.servlet.ModelAndView org.springframework.boot.autoconfigure.web.BasicErrorController.errorHtml(javax.servlet.http.HttpServletRequest,javax.servlet.http.HttpServletResponse)
2017-07-04 10:43:39.315  INFO 2064 --- [main] o.s.w.s.handler.SimpleUrlHandlerMapping  : Mapped URL path [/webjars/**] onto handler of type [class org.springframework.web.servlet.resource.ResourceHttpRequestHandler]
2017-07-04 10:43:39.315  INFO 2064 --- [main] o.s.w.s.handler.SimpleUrlHandlerMapping  : Mapped URL path [/**] onto handler of type [class org.springframework.web.servlet.resource.ResourceHttpRequestHandler]
2017-07-04 10:43:39.355  INFO 2064 --- [main] o.s.w.s.handler.SimpleUrlHandlerMapping  : Mapped URL path [/**/favicon.ico] onto handler of type [class org.springframework.web.servlet.resource.ResourceHttpRequestHandler]
2017-07-04 10:43:39.555  INFO 2064 --- [main] o.s.j.e.a.AnnotationMBeanExporter        : Registering beans for JMX exposure on startup
2017-07-04 10:43:39.645  INFO 2064 --- [main] s.b.c.e.t.TomcatEmbeddedServletContainer : Tomcat started on port(s): 8090 (http)
2017-07-04 10:43:39.649  INFO 2064 --- [main] com.water.weichart.WebAppStart           : Started WebAppStart in 4.397 seconds (JVM running for 5.055)
2017-07-04 10:45:25.139  INFO 2064 --- [http-nio-8090-exec-1] o.a.c.c.C.[Tomcat].[localhost].[/]       : Initializing Spring FrameworkServlet 'dispatcherServlet'
2017-07-04 10:45:25.140  INFO 2064 --- [http-nio-8090-exec-1] o.s.web.servlet.DispatcherServlet        : FrameworkServlet 'dispatcherServlet': initialization started
2017-07-04 10:45:25.162  INFO 2064 --- [http-nio-8090-exec-1] o.s.web.servlet.DispatcherServlet        : FrameworkServlet 'dispatcherServlet': initialization completed in 21 ms
2017-07-04 10:45:25.204  INFO 2064 --- [http-nio-8090-exec-1] c.w.weichart.db.controller.WXController  : 接入微信公众号失败！
2017-07-04 10:53:11.447  INFO 7300 --- [main] com.water.weichart.WebAppStart           : Starting WebAppStart on gz39-014903 with PID 7300 (E:\company\mw-weichart\target\classes started by zhangmiaojie in E:\company\mw-weichart)
2017-07-04 10:53:11.450  INFO 7300 --- [main] com.water.weichart.WebAppStart           : No active profile set, falling back to default profiles: default
2017-07-04 10:53:11.508  INFO 7300 --- [main] ationConfigEmbeddedWebApplicationContext : Refreshing org.springframework.boot.context.embedded.AnnotationConfigEmbeddedWebApplicationContext@191f517: startup date [Tue Jul 04 10:53:11 CST 2017]; root of context hierarchy
2017-07-04 10:53:12.389  INFO 7300 --- [main] o.s.b.f.s.DefaultListableBeanFactory     : Overriding bean definition for bean 'beanNameViewResolver' with a different definition: replacing [Root bean: class [null]; scope=; abstract=false; lazyInit=false; autowireMode=3; dependencyCheck=0; autowireCandidate=true; primary=false; factoryBeanName=org.springframework.boot.autoconfigure.web.ErrorMvcAutoConfiguration$WhitelabelErrorViewConfiguration; factoryMethodName=beanNameViewResolver; initMethodName=null; destroyMethodName=(inferred); defined in class path resource [org/springframework/boot/autoconfigure/web/ErrorMvcAutoConfiguration$WhitelabelErrorViewConfiguration.class]] with [Root bean: class [null]; scope=; abstract=false; lazyInit=false; autowireMode=3; dependencyCheck=0; autowireCandidate=true; primary=false; factoryBeanName=org.springframework.boot.autoconfigure.web.WebMvcAutoConfiguration$WebMvcAutoConfigurationAdapter; factoryMethodName=beanNameViewResolver; initMethodName=null; destroyMethodName=(inferred); defined in class path resource [org/springframework/boot/autoconfigure/web/WebMvcAutoConfiguration$WebMvcAutoConfigurationAdapter.class]]
2017-07-04 10:53:12.778  INFO 7300 --- [main] trationDelegate$BeanPostProcessorChecker : Bean 'org.springframework.transaction.annotation.ProxyTransactionManagementConfiguration' of type [class org.springframework.transaction.annotation.ProxyTransactionManagementConfiguration$$EnhancerBySpringCGLIB$$e0504d87] is not eligible for getting processed by all BeanPostProcessors (for example: not eligible for auto-proxying)
2017-07-04 10:53:13.419  INFO 7300 --- [main] s.b.c.e.t.TomcatEmbeddedServletContainer : Tomcat initialized with port(s): 8010 (http)
2017-07-04 10:53:13.436  INFO 7300 --- [main] o.apache.catalina.core.StandardService   : Starting service Tomcat
2017-07-04 10:53:13.438  INFO 7300 --- [main] org.apache.catalina.core.StandardEngine  : Starting Servlet Engine: Apache Tomcat/8.0.32
2017-07-04 10:53:14.126  INFO 7300 --- [localhost-startStop-1] org.apache.jasper.servlet.TldScanner     : At least one JAR was scanned for TLDs yet contained no TLDs. Enable debug logging for this logger for a complete list of JARs that were scanned but no TLDs were found in them. Skipping unneeded JARs during scanning can improve startup time and JSP compilation time.
2017-07-04 10:53:14.130  INFO 7300 --- [localhost-startStop-1] o.a.c.c.C.[Tomcat].[localhost].[/]       : Initializing Spring embedded WebApplicationContext
2017-07-04 10:53:14.131  INFO 7300 --- [localhost-startStop-1] o.s.web.context.ContextLoader            : Root WebApplicationContext: initialization completed in 2626 ms
2017-07-04 10:53:14.475  INFO 7300 --- [localhost-startStop-1] o.s.b.c.e.ServletRegistrationBean        : Mapping servlet: 'dispatcherServlet' to [/]
2017-07-04 10:53:14.480  INFO 7300 --- [localhost-startStop-1] o.s.b.c.embedded.FilterRegistrationBean  : Mapping filter: 'characterEncodingFilter' to: [/*]
2017-07-04 10:53:14.481  INFO 7300 --- [localhost-startStop-1] o.s.b.c.embedded.FilterRegistrationBean  : Mapping filter: 'hiddenHttpMethodFilter' to: [/*]
2017-07-04 10:53:14.481  INFO 7300 --- [localhost-startStop-1] o.s.b.c.embedded.FilterRegistrationBean  : Mapping filter: 'httpPutFormContentFilter' to: [/*]
2017-07-04 10:53:14.481  INFO 7300 --- [localhost-startStop-1] o.s.b.c.embedded.FilterRegistrationBean  : Mapping filter: 'requestContextFilter' to: [/*]
2017-07-04 10:53:14.787  INFO 7300 --- [main] s.w.s.m.m.a.RequestMappingHandlerAdapter : Looking for @ControllerAdvice: org.springframework.boot.context.embedded.AnnotationConfigEmbeddedWebApplicationContext@191f517: startup date [Tue Jul 04 10:53:11 CST 2017]; root of context hierarchy
2017-07-04 10:53:14.862  INFO 7300 --- [main] s.w.s.m.m.a.RequestMappingHandlerMapping : Mapped "{[/wechat],methods=[POST]}" onto public void com.water.weichart.db.controller.WXController.handleMsg(javax.servlet.http.HttpServletRequest,javax.servlet.http.HttpServletResponse)
2017-07-04 10:53:14.863  INFO 7300 --- [main] s.w.s.m.m.a.RequestMappingHandlerMapping : Mapped "{[/wechat],methods=[GET]}" onto public void com.water.weichart.db.controller.WXController.checkSignature(javax.servlet.http.HttpServletRequest,javax.servlet.http.HttpServletResponse) throws java.io.IOException
2017-07-04 10:53:14.866  INFO 7300 --- [main] s.w.s.m.m.a.RequestMappingHandlerMapping : Mapped "{[/error]}" onto public org.springframework.http.ResponseEntity<java.util.Map<java.lang.String, java.lang.Object>> org.springframework.boot.autoconfigure.web.BasicErrorController.error(javax.servlet.http.HttpServletRequest)
2017-07-04 10:53:14.866  INFO 7300 --- [main] s.w.s.m.m.a.RequestMappingHandlerMapping : Mapped "{[/error],produces=[text/html]}" onto public org.springframework.web.servlet.ModelAndView org.springframework.boot.autoconfigure.web.BasicErrorController.errorHtml(javax.servlet.http.HttpServletRequest,javax.servlet.http.HttpServletResponse)
2017-07-04 10:53:14.897  INFO 7300 --- [main] o.s.w.s.handler.SimpleUrlHandlerMapping  : Mapped URL path [/webjars/**] onto handler of type [class org.springframework.web.servlet.resource.ResourceHttpRequestHandler]
2017-07-04 10:53:14.897  INFO 7300 --- [main] o.s.w.s.handler.SimpleUrlHandlerMapping  : Mapped URL path [/**] onto handler of type [class org.springframework.web.servlet.resource.ResourceHttpRequestHandler]
2017-07-04 10:53:14.939  INFO 7300 --- [main] o.s.w.s.handler.SimpleUrlHandlerMapping  : Mapped URL path [/**/favicon.ico] onto handler of type [class org.springframework.web.servlet.resource.ResourceHttpRequestHandler]
2017-07-04 10:53:15.121  INFO 7300 --- [main] o.s.j.e.a.AnnotationMBeanExporter        : Registering beans for JMX exposure on startup
2017-07-04 10:53:15.205  INFO 7300 --- [main] s.b.c.e.t.TomcatEmbeddedServletContainer : Tomcat started on port(s): 8010 (http)
2017-07-04 10:53:15.210  INFO 7300 --- [main] com.water.weichart.WebAppStart           : Started WebAppStart in 4.238 seconds (JVM running for 4.914)
2017-07-04 11:03:51.424  INFO 7300 --- [http-nio-8010-exec-1] o.a.c.c.C.[Tomcat].[localhost].[/]       : Initializing Spring FrameworkServlet 'dispatcherServlet'
2017-07-04 11:03:51.424  INFO 7300 --- [http-nio-8010-exec-1] o.s.web.servlet.DispatcherServlet        : FrameworkServlet 'dispatcherServlet': initialization started
2017-07-04 11:03:51.443  INFO 7300 --- [http-nio-8010-exec-1] o.s.web.servlet.DispatcherServlet        : FrameworkServlet 'dispatcherServlet': initialization completed in 18 ms
2017-07-04 11:03:51.485  INFO 7300 --- [http-nio-8010-exec-1] c.w.weichart.db.controller.WXController  : 接入微信公众号失败！
2017-07-04 11:03:57.978  INFO 7300 --- [http-nio-8010-exec-3] c.w.weichart.db.controller.WXController  : 接入微信公众号失败！
2017-07-04 11:37:51.013  INFO 7300 --- [http-nio-8010-exec-8] c.w.weichart.db.controller.WXController  : 接入微信公众号失败！
2017-07-04 11:38:42.945  INFO 7300 --- [http-nio-8010-exec-10] c.w.weichart.db.controller.WXController  : 接入微信公众号失败！
2017-07-04 11:42:13.644  INFO 10144 --- [main] com.water.weichart.WebAppStart           : Starting WebAppStart on gz39-014903 with PID 10144 (E:\company\mw-weichart\target\classes started by zhangmiaojie in E:\company\mw-weichart)
2017-07-04 11:42:13.670  INFO 10144 --- [main] com.water.weichart.WebAppStart           : No active profile set, falling back to default profiles: default
2017-07-04 11:42:13.779  INFO 10144 --- [main] ationConfigEmbeddedWebApplicationContext : Refreshing org.springframework.boot.context.embedded.AnnotationConfigEmbeddedWebApplicationContext@f6d1be: startup date [Tue Jul 04 11:42:13 CST 2017]; root of context hierarchy
2017-07-04 11:42:14.664  INFO 10144 --- [main] o.s.b.f.s.DefaultListableBeanFactory     : Overriding bean definition for bean 'beanNameViewResolver' with a different definition: replacing [Root bean: class [null]; scope=; abstract=false; lazyInit=false; autowireMode=3; dependencyCheck=0; autowireCandidate=true; primary=false; factoryBeanName=org.springframework.boot.autoconfigure.web.ErrorMvcAutoConfiguration$WhitelabelErrorViewConfiguration; factoryMethodName=beanNameViewResolver; initMethodName=null; destroyMethodName=(inferred); defined in class path resource [org/springframework/boot/autoconfigure/web/ErrorMvcAutoConfiguration$WhitelabelErrorViewConfiguration.class]] with [Root bean: class [null]; scope=; abstract=false; lazyInit=false; autowireMode=3; dependencyCheck=0; autowireCandidate=true; primary=false; factoryBeanName=org.springframework.boot.autoconfigure.web.WebMvcAutoConfiguration$WebMvcAutoConfigurationAdapter; factoryMethodName=beanNameViewResolver; initMethodName=null; destroyMethodName=(inferred); defined in class path resource [org/springframework/boot/autoconfigure/web/WebMvcAutoConfiguration$WebMvcAutoConfigurationAdapter.class]]
2017-07-04 11:42:15.046  INFO 10144 --- [main] trationDelegate$BeanPostProcessorChecker : Bean 'org.springframework.transaction.annotation.ProxyTransactionManagementConfiguration' of type [class org.springframework.transaction.annotation.ProxyTransactionManagementConfiguration$$EnhancerBySpringCGLIB$$6b38ad32] is not eligible for getting processed by all BeanPostProcessors (for example: not eligible for auto-proxying)
2017-07-04 11:42:15.692  INFO 10144 --- [main] s.b.c.e.t.TomcatEmbeddedServletContainer : Tomcat initialized with port(s): 8010 (http)
2017-07-04 11:42:15.707  INFO 10144 --- [main] o.apache.catalina.core.StandardService   : Starting service Tomcat
2017-07-04 11:42:15.709  INFO 10144 --- [main] org.apache.catalina.core.StandardEngine  : Starting Servlet Engine: Apache Tomcat/8.0.32
2017-07-04 11:42:16.416  INFO 10144 --- [localhost-startStop-1] org.apache.jasper.servlet.TldScanner     : At least one JAR was scanned for TLDs yet contained no TLDs. Enable debug logging for this logger for a complete list of JARs that were scanned but no TLDs were found in them. Skipping unneeded JARs during scanning can improve startup time and JSP compilation time.
2017-07-04 11:42:16.421  INFO 10144 --- [localhost-startStop-1] o.a.c.c.C.[Tomcat].[localhost].[/]       : Initializing Spring embedded WebApplicationContext
2017-07-04 11:42:16.422  INFO 10144 --- [localhost-startStop-1] o.s.web.context.ContextLoader            : Root WebApplicationContext: initialization completed in 2656 ms
2017-07-04 11:42:16.975  INFO 10144 --- [localhost-startStop-1] o.s.b.c.e.ServletRegistrationBean        : Mapping servlet: 'dispatcherServlet' to [/]
2017-07-04 11:42:16.984  INFO 10144 --- [localhost-startStop-1] o.s.b.c.embedded.FilterRegistrationBean  : Mapping filter: 'characterEncodingFilter' to: [/*]
2017-07-04 11:42:16.985  INFO 10144 --- [localhost-startStop-1] o.s.b.c.embedded.FilterRegistrationBean  : Mapping filter: 'hiddenHttpMethodFilter' to: [/*]
2017-07-04 11:42:16.985  INFO 10144 --- [localhost-startStop-1] o.s.b.c.embedded.FilterRegistrationBean  : Mapping filter: 'httpPutFormContentFilter' to: [/*]
2017-07-04 11:42:16.985  INFO 10144 --- [localhost-startStop-1] o.s.b.c.embedded.FilterRegistrationBean  : Mapping filter: 'requestContextFilter' to: [/*]
2017-07-04 11:42:17.462  INFO 10144 --- [main] s.w.s.m.m.a.RequestMappingHandlerAdapter : Looking for @ControllerAdvice: org.springframework.boot.context.embedded.AnnotationConfigEmbeddedWebApplicationContext@f6d1be: startup date [Tue Jul 04 11:42:13 CST 2017]; root of context hierarchy
2017-07-04 11:42:17.590  INFO 10144 --- [main] s.w.s.m.m.a.RequestMappingHandlerMapping : Mapped "{[/wechat],methods=[POST]}" onto public void com.water.weichart.db.controller.WXController.handleMsg(javax.servlet.http.HttpServletRequest,javax.servlet.http.HttpServletResponse)
2017-07-04 11:42:17.591  INFO 10144 --- [main] s.w.s.m.m.a.RequestMappingHandlerMapping : Mapped "{[/wechat],methods=[GET]}" onto public void com.water.weichart.db.controller.WXController.checkSignature(javax.servlet.http.HttpServletRequest,javax.servlet.http.HttpServletResponse) throws java.io.IOException
2017-07-04 11:42:17.594  INFO 10144 --- [main] s.w.s.m.m.a.RequestMappingHandlerMapping : Mapped "{[/error]}" onto public org.springframework.http.ResponseEntity<java.util.Map<java.lang.String, java.lang.Object>> org.springframework.boot.autoconfigure.web.BasicErrorController.error(javax.servlet.http.HttpServletRequest)
2017-07-04 11:42:17.594  INFO 10144 --- [main] s.w.s.m.m.a.RequestMappingHandlerMapping : Mapped "{[/error],produces=[text/html]}" onto public org.springframework.web.servlet.ModelAndView org.springframework.boot.autoconfigure.web.BasicErrorController.errorHtml(javax.servlet.http.HttpServletRequest,javax.servlet.http.HttpServletResponse)
2017-07-04 11:42:17.635  INFO 10144 --- [main] o.s.w.s.handler.SimpleUrlHandlerMapping  : Mapped URL path [/webjars/**] onto handler of type [class org.springframework.web.servlet.resource.ResourceHttpRequestHandler]
2017-07-04 11:42:17.635  INFO 10144 --- [main] o.s.w.s.handler.SimpleUrlHandlerMapping  : Mapped URL path [/**] onto handler of type [class org.springframework.web.servlet.resource.ResourceHttpRequestHandler]
2017-07-04 11:42:17.692  INFO 10144 --- [main] o.s.w.s.handler.SimpleUrlHandlerMapping  : Mapped URL path [/**/favicon.ico] onto handler of type [class org.springframework.web.servlet.resource.ResourceHttpRequestHandler]
2017-07-04 11:42:17.968  INFO 10144 --- [main] o.s.j.e.a.AnnotationMBeanExporter        : Registering beans for JMX exposure on startup
2017-07-04 11:42:18.085  INFO 10144 --- [main] s.b.c.e.t.TomcatEmbeddedServletContainer : Tomcat started on port(s): 8010 (http)
2017-07-04 11:42:18.091  INFO 10144 --- [main] com.water.weichart.WebAppStart           : Started WebAppStart in 4.996 seconds (JVM running for 7.372)
2017-07-04 11:42:34.795  INFO 10144 --- [http-nio-8010-exec-1] o.a.c.c.C.[Tomcat].[localhost].[/]       : Initializing Spring FrameworkServlet 'dispatcherServlet'
2017-07-04 11:42:34.795  INFO 10144 --- [http-nio-8010-exec-1] o.s.web.servlet.DispatcherServlet        : FrameworkServlet 'dispatcherServlet': initialization started
2017-07-04 11:42:34.815  INFO 10144 --- [http-nio-8010-exec-1] o.s.web.servlet.DispatcherServlet        : FrameworkServlet 'dispatcherServlet': initialization completed in 20 ms
2017-07-04 11:43:29.273  INFO 10144 --- [http-nio-8010-exec-1] c.w.weichart.db.controller.WXController  : 成功接入微信公众号！
2017-07-04 11:43:29.276  INFO 10144 --- [http-nio-8010-exec-1] c.w.weichart.db.controller.WXController  : 接入微信公众号失败！
2017-07-04 11:43:52.342  INFO 10144 --- [http-nio-8010-exec-2] c.w.weichart.db.controller.WXController  : 成功接入微信公众号！
2017-07-04 11:43:52.342  INFO 10144 --- [http-nio-8010-exec-2] c.w.weichart.db.controller.WXController  : 接入微信公众号失败！
2017-07-04 13:42:07.941  INFO 10144 --- [http-nio-8010-exec-4] c.w.weichart.db.controller.WXController  : 成功接入微信公众号！
2017-07-04 13:42:07.942  INFO 10144 --- [http-nio-8010-exec-4] c.w.weichart.db.controller.WXController  : 接入微信公众号失败！
2017-07-04 14:48:37.942  INFO 5616 --- [main] com.water.weichart.WebAppStart           : Starting WebAppStart on gz39-014903 with PID 5616 (E:\company\mw-weichart\target\classes started by zhangmiaojie in E:\company\mw-weichart)
2017-07-04 14:48:37.949  INFO 5616 --- [main] com.water.weichart.WebAppStart           : No active profile set, falling back to default profiles: default
2017-07-04 14:48:38.093  INFO 5616 --- [main] ationConfigEmbeddedWebApplicationContext : Refreshing org.springframework.boot.context.embedded.AnnotationConfigEmbeddedWebApplicationContext@e69770: startup date [Tue Jul 04 14:48:38 CST 2017]; root of context hierarchy
2017-07-04 14:48:39.376  INFO 5616 --- [main] o.s.b.f.s.DefaultListableBeanFactory     : Overriding bean definition for bean 'beanNameViewResolver' with a different definition: replacing [Root bean: class [null]; scope=; abstract=false; lazyInit=false; autowireMode=3; dependencyCheck=0; autowireCandidate=true; primary=false; factoryBeanName=org.springframework.boot.autoconfigure.web.ErrorMvcAutoConfiguration$WhitelabelErrorViewConfiguration; factoryMethodName=beanNameViewResolver; initMethodName=null; destroyMethodName=(inferred); defined in class path resource [org/springframework/boot/autoconfigure/web/ErrorMvcAutoConfiguration$WhitelabelErrorViewConfiguration.class]] with [Root bean: class [null]; scope=; abstract=false; lazyInit=false; autowireMode=3; dependencyCheck=0; autowireCandidate=true; primary=false; factoryBeanName=org.springframework.boot.autoconfigure.web.WebMvcAutoConfiguration$WebMvcAutoConfigurationAdapter; factoryMethodName=beanNameViewResolver; initMethodName=null; destroyMethodName=(inferred); defined in class path resource [org/springframework/boot/autoconfigure/web/WebMvcAutoConfiguration$WebMvcAutoConfigurationAdapter.class]]
2017-07-04 14:48:39.874  INFO 5616 --- [main] trationDelegate$BeanPostProcessorChecker : Bean 'org.springframework.transaction.annotation.ProxyTransactionManagementConfiguration' of type [class org.springframework.transaction.annotation.ProxyTransactionManagementConfiguration$$EnhancerBySpringCGLIB$$3b30a65e] is not eligible for getting processed by all BeanPostProcessors (for example: not eligible for auto-proxying)
2017-07-04 14:48:40.621  INFO 5616 --- [main] s.b.c.e.t.TomcatEmbeddedServletContainer : Tomcat initialized with port(s): 8010 (http)
2017-07-04 14:48:40.639  INFO 5616 --- [main] o.apache.catalina.core.StandardService   : Starting service Tomcat
2017-07-04 14:48:40.640  INFO 5616 --- [main] org.apache.catalina.core.StandardEngine  : Starting Servlet Engine: Apache Tomcat/8.0.32
2017-07-04 14:48:41.610  INFO 5616 --- [localhost-startStop-1] org.apache.jasper.servlet.TldScanner     : At least one JAR was scanned for TLDs yet contained no TLDs. Enable debug logging for this logger for a complete list of JARs that were scanned but no TLDs were found in them. Skipping unneeded JARs during scanning can improve startup time and JSP compilation time.
2017-07-04 14:48:41.616  INFO 5616 --- [localhost-startStop-1] o.a.c.c.C.[Tomcat].[localhost].[/]       : Initializing Spring embedded WebApplicationContext
2017-07-04 14:48:41.617  INFO 5616 --- [localhost-startStop-1] o.s.web.context.ContextLoader            : Root WebApplicationContext: initialization completed in 3531 ms
2017-07-04 14:48:42.300  INFO 5616 --- [localhost-startStop-1] o.s.b.c.e.ServletRegistrationBean        : Mapping servlet: 'dispatcherServlet' to [/]
2017-07-04 14:48:42.323  INFO 5616 --- [localhost-startStop-1] o.s.b.c.embedded.FilterRegistrationBean  : Mapping filter: 'characterEncodingFilter' to: [/*]
2017-07-04 14:48:42.324  INFO 5616 --- [localhost-startStop-1] o.s.b.c.embedded.FilterRegistrationBean  : Mapping filter: 'hiddenHttpMethodFilter' to: [/*]
2017-07-04 14:48:42.328  INFO 5616 --- [localhost-startStop-1] o.s.b.c.embedded.FilterRegistrationBean  : Mapping filter: 'httpPutFormContentFilter' to: [/*]
2017-07-04 14:48:42.329  INFO 5616 --- [localhost-startStop-1] o.s.b.c.embedded.FilterRegistrationBean  : Mapping filter: 'requestContextFilter' to: [/*]
2017-07-04 14:48:42.937  INFO 5616 --- [main] s.w.s.m.m.a.RequestMappingHandlerAdapter : Looking for @ControllerAdvice: org.springframework.boot.context.embedded.AnnotationConfigEmbeddedWebApplicationContext@e69770: startup date [Tue Jul 04 14:48:38 CST 2017]; root of context hierarchy
2017-07-04 14:48:43.124  INFO 5616 --- [main] s.w.s.m.m.a.RequestMappingHandlerMapping : Mapped "{[/wechat],methods=[GET]}" onto public void com.water.weichart.db.controller.WXController.checkSignature(javax.servlet.http.HttpServletRequest,javax.servlet.http.HttpServletResponse) throws java.io.IOException
2017-07-04 14:48:43.125  INFO 5616 --- [main] s.w.s.m.m.a.RequestMappingHandlerMapping : Mapped "{[/wechat],methods=[POST]}" onto public void com.water.weichart.db.controller.WXController.handleMsg(javax.servlet.http.HttpServletRequest,javax.servlet.http.HttpServletResponse)
2017-07-04 14:48:43.128  INFO 5616 --- [main] s.w.s.m.m.a.RequestMappingHandlerMapping : Mapped "{[/error]}" onto public org.springframework.http.ResponseEntity<java.util.Map<java.lang.String, java.lang.Object>> org.springframework.boot.autoconfigure.web.BasicErrorController.error(javax.servlet.http.HttpServletRequest)
2017-07-04 14:48:43.129  INFO 5616 --- [main] s.w.s.m.m.a.RequestMappingHandlerMapping : Mapped "{[/error],produces=[text/html]}" onto public org.springframework.web.servlet.ModelAndView org.springframework.boot.autoconfigure.web.BasicErrorController.errorHtml(javax.servlet.http.HttpServletRequest,javax.servlet.http.HttpServletResponse)
2017-07-04 14:48:43.203  INFO 5616 --- [main] o.s.w.s.handler.SimpleUrlHandlerMapping  : Mapped URL path [/webjars/**] onto handler of type [class org.springframework.web.servlet.resource.ResourceHttpRequestHandler]
2017-07-04 14:48:43.204  INFO 5616 --- [main] o.s.w.s.handler.SimpleUrlHandlerMapping  : Mapped URL path [/**] onto handler of type [class org.springframework.web.servlet.resource.ResourceHttpRequestHandler]
2017-07-04 14:48:43.277  INFO 5616 --- [main] o.s.w.s.handler.SimpleUrlHandlerMapping  : Mapped URL path [/**/favicon.ico] onto handler of type [class org.springframework.web.servlet.resource.ResourceHttpRequestHandler]
2017-07-04 14:48:43.678  INFO 5616 --- [main] o.s.j.e.a.AnnotationMBeanExporter        : Registering beans for JMX exposure on startup
2017-07-04 14:48:44.119  INFO 5616 --- [main] s.b.c.e.t.TomcatEmbeddedServletContainer : Tomcat started on port(s): 8010 (http)
2017-07-04 14:48:44.148  INFO 5616 --- [main] com.water.weichart.WebAppStart           : Started WebAppStart in 6.762 seconds (JVM running for 7.64)
2017-07-04 14:49:40.311  INFO 5616 --- [http-nio-8010-exec-1] o.a.c.c.C.[Tomcat].[localhost].[/]       : Initializing Spring FrameworkServlet 'dispatcherServlet'
2017-07-04 14:49:40.311  INFO 5616 --- [http-nio-8010-exec-1] o.s.web.servlet.DispatcherServlet        : FrameworkServlet 'dispatcherServlet': initialization started
2017-07-04 14:49:40.333  INFO 5616 --- [http-nio-8010-exec-1] o.s.web.servlet.DispatcherServlet        : FrameworkServlet 'dispatcherServlet': initialization completed in 22 ms
